<?xml version="1.0" encoding="UTF-8"?>
<!-- Generated by org.testng.reporters.JUnitReportReporter -->
<testsuite hostname="ANAGRAJPF1Q8EL5" failures="0" tests="4" name="cucumberOptions.TestNgRunner" time="0.145" errors="0" timestamp="2024-01-20T19:39:33 IST" skipped="0">
  <testcase classname="cucumberOptions.TestNgRunner" name="runScenario" time="0.119"/>
  <system-out/>
  <testcase classname="cucumberOptions.TestNgRunner" name="runScenario" time="0.009"/>
  <system-out/>
  <testcase classname="cucumberOptions.TestNgRunner" name="runScenario" time="0.010"/>
  <system-out/>
  <testcase classname="cucumberOptions.TestNgRunner" name="runScenario" time="0.007"/>
  <system-out/>
</testsuite> <!-- cucumberOptions.TestNgRunner -->
